<?xml version="1.0" encoding="utf-8"?><testsuites name="pytest tests"><testsuite name="pytest" errors="0" failures="0" skipped="0" tests="23" time="3.560" timestamp="2026-03-11T14:21:34.592640+00:00" hostname="agent-env-4f6319e3-118b-495b-b94b-95118654018a"><testcase classname="backend.tests.test_apex_swarm_iteration3.TestHealth" name="test_health_alive" time="0.145" /><testcase classname="backend.tests.test_apex_swarm_iteration3.TestSwarmControl" name="test_start_swarm" time="0.105" /><testcase classname="backend.tests.test_apex_swarm_iteration3.TestSwarmControl" name="test_swarm_status_active" time="0.197" /><testcase classname="backend.tests.test_apex_swarm_iteration3.TestSwarmControl" name="test_stop_swarm" time="0.139" /><testcase classname="backend.tests.test_apex_swarm_iteration3.TestSwarmControl" name="test_swarm_status_after_stop" time="0.205" /><testcase classname="backend.tests.test_apex_swarm_iteration3.TestAgentsStatus" name="test_agents_status_ok" time="0.151" /><testcase classname="backend.tests.test_apex_swarm_iteration3.TestAgentsStatus" name="test_agents_status_structure" time="0.201" /><testcase classname="backend.tests.test_apex_swarm_iteration3.TestAgentsStatus" name="test_all_5_agents_present" time="0.117" /><testcase classname="backend.tests.test_apex_swarm_iteration3.TestAgentsStatus" name="test_tinyclaw_orchestrator_fields" time="0.113" /><testcase classname="backend.tests.test_apex_swarm_iteration3.TestAgentsStatus" name="test_alpha_scanner_fields" time="0.111" /><testcase classname="backend.tests.test_apex_swarm_iteration3.TestAgentsStatus" name="test_contract_sniper_fields" time="0.113" /><testcase classname="backend.tests.test_apex_swarm_iteration3.TestAgentsStatus" name="test_execution_core_fields" time="0.182" /><testcase classname="backend.tests.test_apex_swarm_iteration3.TestAgentsStatus" name="test_quant_mutator_fields" time="0.158" /><testcase classname="backend.tests.test_apex_swarm_iteration3.TestTinyclawProxy" name="test_tc_agents_ok" time="0.124" /><testcase classname="backend.tests.test_apex_swarm_iteration3.TestTinyclawProxy" name="test_tc_agents_4_apex_agents" time="0.156" /><testcase classname="backend.tests.test_apex_swarm_iteration3.TestTinyclawProxy" name="test_tc_agents_have_name_and_model" time="0.171" /><testcase classname="backend.tests.test_apex_swarm_iteration3.TestTinyclawProxy" name="test_tc_teams_ok" time="0.144" /><testcase classname="backend.tests.test_apex_swarm_iteration3.TestTinyclawProxy" name="test_tc_teams_apex_swarm_present" time="0.208" /><testcase classname="backend.tests.test_apex_swarm_iteration3.TestTinyclawProxy" name="test_tc_teams_apex_swarm_agents" time="0.148" /><testcase classname="backend.tests.test_apex_swarm_iteration3.TestTinyclawProxy" name="test_tc_agents_not_tinyclaw_orchestrator" time="0.140" /><testcase classname="backend.tests.test_apex_swarm_iteration3.TestOtherEndpoints" name="test_dashboard" time="0.140" /><testcase classname="backend.tests.test_apex_swarm_iteration3.TestOtherEndpoints" name="test_positions" time="0.107" /><testcase classname="backend.tests.test_apex_swarm_iteration3.TestOtherEndpoints" name="test_agent_logs" time="0.145" /></testsuite></testsuites>